I181202 13:28:18.841270 1 util/log/clog.go:1176  [config] file created at: 2018/12/02 13:28:18
I181202 13:28:18.841270 1 util/log/clog.go:1176  [config] running on machine: steves-mbp
I181202 13:28:18.841270 1 util/log/clog.go:1176  [config] binary: CockroachDB CCL v2.1.1 (x86_64-apple-darwin18.2.0, built 2018/11/26 16:23:43, go1.11.2)
I181202 13:28:18.841270 1 util/log/clog.go:1176  [config] arguments: [cockroach start --insecure --listen-addr=localhost]
I181202 13:28:18.841270 1 util/log/clog.go:1176  line format: [IWEF]yymmdd hh:mm:ss.uuuuuu goid file:line msg utf8=✓
W181202 13:28:18.841266 1 cli/start.go:1055  RUNNING IN INSECURE MODE!

- Your cluster is open for any client that can access localhost.
- Any user, even root, can log in without providing a password.
- Any user, connecting as root, can read or write any data in your cluster.
- There is no network encryption nor authentication, and thus no confidentiality.

Check out how to secure your cluster: https://www.cockroachlabs.com/docs/v2.1/secure-a-cluster.html
W181202 13:28:18.843517 1 cli/start.go:935  Using the default setting for --cache (128 MiB).
  A significantly larger value is usually needed for good performance.
  If you have a dedicated server a reasonable setting is --cache=.25 (4.0 GiB).
W181202 13:28:18.843566 1 cli/start.go:948  Using the default setting for --max-sql-memory (128 MiB).
  A significantly larger value is usually needed in production.
  If you have a dedicated server a reasonable setting is --max-sql-memory=.25 (4.0 GiB).
I181202 13:28:18.843596 1 cli/start.go:1069  CockroachDB CCL v2.1.1 (x86_64-apple-darwin18.2.0, built 2018/11/26 16:23:43, go1.11.2)
I181202 13:28:18.949656 1 server/config.go:385  system total memory: 16 GiB
I181202 13:28:18.949709 1 server/config.go:387  server configuration:
max offset             500000000
cache size             128 MiB
SQL memory pool size   128 MiB
scan interval          10m0s
scan min idle time     10ms
scan max idle time     1s
event log enabled      true
I181202 13:28:18.949731 1 cli/start.go:920  process identity: uid 501 euid 501 gid 20 egid 20
I181202 13:28:18.949750 1 cli/start.go:545  starting cockroach node
I181202 13:28:18.955753 39 storage/engine/rocksdb.go:574  opening rocksdb instance at "/Users/pinki/cockroach-app/bank_app/cockroach-data/cockroach-temp455336080"
I181202 13:28:18.982525 39 server/server.go:849  [n?] monitoring forward clock jumps based on server.clock.forward_jump_check_enabled
E181202 13:28:18.982836 1 cli/error.go:230  cockroach server exited with error: consider changing the port via --listen-addr: listen tcp 127.0.0.1:26257: bind: address already in use
Error: cockroach server exited with error: consider changing the port via --listen-addr: listen tcp 127.0.0.1:26257: bind: address already in use
